Flow report for PS2_Kbd
Thu Mar 15 10:17:57 2018
Quartus II 64-Bit Version 13.0.1 Build 232 06/12/2013 Service Pack 1 SJ Full Version


---------------------
; Table of Contents ;
---------------------
  1. Legal Notice
  2. Flow Summary
  3. Flow Settings
  4. Flow Non-Default Global Settings
  5. Flow Elapsed Time
  6. Flow OS Summary
  7. Flow Log
  8. Flow Messages
  9. Flow Suppressed Messages



----------------
; Legal Notice ;
----------------
Copyright (C) 1991-2013 Altera Corporation
Your use of Altera Corporation's design tools, logic functions 
and other software and tools, and its AMPP partner logic 
functions, and any output files from any of the foregoing 
(including device programming or simulation files), and any 
associated documentation or information are expressly subject 
to the terms and conditions of the Altera Program License 
Subscription Agreement, Altera MegaCore Function License 
Agreement, or other applicable license agreement, including, 
without limitation, that your use is for the sole purpose of 
programming logic devices manufactured by Altera and sold by 
Altera or its authorized distributors.  Please refer to the 
applicable agreement for further details.



+------------------------------------------------------------------------------+
; Flow Summary                                                                 ;
+---------------------------+--------------------------------------------------+
; Flow Status               ; Successful - Thu Mar 15 10:17:57 2018            ;
; Quartus II 64-Bit Version ; 13.0.1 Build 232 06/12/2013 SP 1 SJ Full Version ;
; Revision Name             ; PS2_Kbd                                          ;
; Top-level Entity Name     ; PS2_Ctrl                                         ;
; Family                    ; Cyclone                                          ;
; Device                    ; EP1C6T144C6                                      ;
; Timing Models             ; Final                                            ;
; Total logic elements      ; 42 / 5,980 ( < 1 % )                             ;
; Total pins                ; 15 / 98 ( 15 % )                                 ;
; Total virtual pins        ; 0                                                ;
; Total memory bits         ; 0 / 92,160 ( 0 % )                               ;
; Total PLLs                ; 0 / 2 ( 0 % )                                    ;
+---------------------------+--------------------------------------------------+


+-----------------------------------------+
; Flow Settings                           ;
+-------------------+---------------------+
; Option            ; Setting             ;
+-------------------+---------------------+
; Start date & time ; 03/15/2018 10:17:48 ;
; Main task         ; Compilation         ;
; Revision Name     ; PS2_Kbd             ;
+-------------------+---------------------+


+----------------------------------------------------------------------------------------------------------------------+
; Flow Non-Default Global Settings                                                                                     ;
+-------------------------------------+---------------------------------+---------------+-------------+----------------+
; Assignment Name                     ; Value                           ; Default Value ; Entity Name ; Section Id     ;
+-------------------------------------+---------------------------------+---------------+-------------+----------------+
; COMPILER_SIGNATURE_ID               ; 167746770699106.152110546811764 ; --            ; --          ; --             ;
; EDA_OUTPUT_DATA_FORMAT              ; Vhdl                            ; --            ; --          ; eda_simulation ;
; EDA_SIMULATION_TOOL                 ; ModelSim-Altera (VHDL)          ; <None>        ; --          ; --             ;
; MAX_CORE_JUNCTION_TEMP              ; 85                              ; --            ; --          ; --             ;
; MIN_CORE_JUNCTION_TEMP              ; 0                               ; --            ; --          ; --             ;
; PARTITION_COLOR                     ; 16764057                        ; --            ; PS2_Ctrl    ; Top            ;
; PARTITION_FITTER_PRESERVATION_LEVEL ; PLACEMENT_AND_ROUTING           ; --            ; PS2_Ctrl    ; Top            ;
; PARTITION_NETLIST_TYPE              ; SOURCE                          ; --            ; PS2_Ctrl    ; Top            ;
; PROJECT_OUTPUT_DIRECTORY            ; output_files                    ; --            ; --          ; --             ;
; TOP_LEVEL_ENTITY                    ; PS2_Ctrl                        ; PS2_Kbd       ; --          ; --             ;
+-------------------------------------+---------------------------------+---------------+-------------+----------------+


+-------------------------------------------------------------------------------------------------------------------------------+
; Flow Elapsed Time                                                                                                             ;
+---------------------------+--------------+-------------------------+---------------------+------------------------------------+
; Module Name               ; Elapsed Time ; Average Processors Used ; Peak Virtual Memory ; Total CPU Time (on all processors) ;
+---------------------------+--------------+-------------------------+---------------------+------------------------------------+
; Analysis & Synthesis      ; 00:00:01     ; 1.0                     ; 581 MB              ; 00:00:01                           ;
; Fitter                    ; 00:00:01     ; 1.0                     ; 698 MB              ; 00:00:02                           ;
; Assembler                 ; 00:00:01     ; 1.0                     ; 531 MB              ; 00:00:01                           ;
; TimeQuest Timing Analyzer ; 00:00:00     ; 1.0                     ; 497 MB              ; 00:00:00                           ;
; EDA Netlist Writer        ; 00:00:00     ; 1.0                     ; 776 MB              ; 00:00:00                           ;
; Total                     ; 00:00:03     ; --                      ; --                  ; 00:00:04                           ;
+---------------------------+--------------+-------------------------+---------------------+------------------------------------+


+-----------------------------------------------------------------------------------------+
; Flow OS Summary                                                                         ;
+---------------------------+------------------+------------+------------+----------------+
; Module Name               ; Machine Hostname ; OS Name    ; OS Version ; Processor type ;
+---------------------------+------------------+------------+------------+----------------+
; Analysis & Synthesis      ; pc4083           ; Linux Mint ; 17         ; x86_64         ;
; Fitter                    ; pc4083           ; Linux Mint ; 17         ; x86_64         ;
; Assembler                 ; pc4083           ; Linux Mint ; 17         ; x86_64         ;
; TimeQuest Timing Analyzer ; pc4083           ; Linux Mint ; 17         ; x86_64         ;
; EDA Netlist Writer        ; pc4083           ; Linux Mint ; 17         ; x86_64         ;
+---------------------------+------------------+------------+------------+----------------+


------------
; Flow Log ;
------------
quartus_map --read_settings_files=on --write_settings_files=off PS2_Kbd -c PS2_Kbd
quartus_fit --read_settings_files=off --write_settings_files=off PS2_Kbd -c PS2_Kbd
quartus_asm --read_settings_files=off --write_settings_files=off PS2_Kbd -c PS2_Kbd
quartus_sta PS2_Kbd -c PS2_Kbd
quartus_eda --read_settings_files=off --write_settings_files=off PS2_Kbd -c PS2_Kbd



