Analysis & Synthesis report for PMOD_KYB
Tue Jan  9 16:53:05 2018
Quartus II 64-Bit Version 13.0.1 Build 232 06/12/2013 Service Pack 1 SJ Full Version


---------------------
; Table of Contents ;
---------------------
  1. Legal Notice
  2. Analysis & Synthesis Summary
  3. Analysis & Synthesis Settings
  4. Parallel Compilation
  5. Analysis & Synthesis Source Files Read
  6. Analysis & Synthesis Resource Usage Summary
  7. Analysis & Synthesis Resource Utilization by Entity
  8. State Machine - |machine|etatP
  9. User-Specified and Inferred Latches
 10. Registers Removed During Synthesis
 11. General Register Statistics
 12. Multiplexer Restructuring Statistics (Restructuring Performed)
 13. Parameter Settings for User Entity Instance: memoire_Nbit:C1
 14. Parameter Settings for User Entity Instance: memoire_Nbit:C2
 15. Parameter Settings for User Entity Instance: memoire_Nbit:C3
 16. Port Connectivity Checks: "SOUSTRACTEUR:C10|full_adder_4:P1|FULLADDER:\leloop:3:L0"
 17. Port Connectivity Checks: "SOUSTRACTEUR:C10|full_adder_4:P1|FULLADDER:\leloop:0:L0"
 18. Port Connectivity Checks: "SOUSTRACTEUR:C10|full_adder_4:P1"
 19. Port Connectivity Checks: "full_adder_4:C8|FULLADDER:\leloop:3:L0"
 20. Port Connectivity Checks: "full_adder_4:C8|FULLADDER:\leloop:0:L0"
 21. Port Connectivity Checks: "full_adder_4:C8"
 22. Port Connectivity Checks: "DisplayController:C6"
 23. Elapsed Time Per Partition
 24. Analysis & Synthesis Messages



----------------
; Legal Notice ;
----------------
Copyright (C) 1991-2013 Altera Corporation
Your use of Altera Corporation's design tools, logic functions 
and other software and tools, and its AMPP partner logic 
functions, and any output files from any of the foregoing 
(including device programming or simulation files), and any 
associated documentation or information are expressly subject 
to the terms and conditions of the Altera Program License 
Subscription Agreement, Altera MegaCore Function License 
Agreement, or other applicable license agreement, including, 
without limitation, that your use is for the sole purpose of 
programming logic devices manufactured by Altera and sold by 
Altera or its authorized distributors.  Please refer to the 
applicable agreement for further details.



+---------------------------------------------------------------------------------------+
; Analysis & Synthesis Summary                                                          ;
+------------------------------------+--------------------------------------------------+
; Analysis & Synthesis Status        ; Successful - Tue Jan  9 16:53:05 2018            ;
; Quartus II 64-Bit Version          ; 13.0.1 Build 232 06/12/2013 SP 1 SJ Full Version ;
; Revision Name                      ; PMOD_KYB                                         ;
; Top-level Entity Name              ; machine                                          ;
; Family                             ; Cyclone II                                       ;
; Total logic elements               ; 256                                              ;
;     Total combinational functions  ; 219                                              ;
;     Dedicated logic registers      ; 128                                              ;
; Total registers                    ; 128                                              ;
; Total pins                         ; 45                                               ;
; Total virtual pins                 ; 0                                                ;
; Total memory bits                  ; 0                                                ;
; Embedded Multiplier 9-bit elements ; 0                                                ;
; Total PLLs                         ; 0                                                ;
+------------------------------------+--------------------------------------------------+


+----------------------------------------------------------------------------------------------------------------------+
; Analysis & Synthesis Settings                                                                                        ;
+----------------------------------------------------------------------------+--------------------+--------------------+
; Option                                                                     ; Setting            ; Default Value      ;
+----------------------------------------------------------------------------+--------------------+--------------------+
; Device                                                                     ; EP2C20F484C7       ;                    ;
; Top-level entity name                                                      ; machine            ; PMOD_KYB           ;
; Family name                                                                ; Cyclone II         ; Cyclone IV GX      ;
; Use smart compilation                                                      ; Off                ; Off                ;
; Enable parallel Assembler and TimeQuest Timing Analyzer during compilation ; On                 ; On                 ;
; Enable compact report table                                                ; Off                ; Off                ;
; Restructure Multiplexers                                                   ; Auto               ; Auto               ;
; Create Debugging Nodes for IP Cores                                        ; Off                ; Off                ;
; Preserve fewer node names                                                  ; On                 ; On                 ;
; Disable OpenCore Plus hardware evaluation                                  ; Off                ; Off                ;
; Verilog Version                                                            ; Verilog_2001       ; Verilog_2001       ;
; VHDL Version                                                               ; VHDL_1993          ; VHDL_1993          ;
; State Machine Processing                                                   ; Auto               ; Auto               ;
; Safe State Machine                                                         ; Off                ; Off                ;
; Extract Verilog State Machines                                             ; On                 ; On                 ;
; Extract VHDL State Machines                                                ; On                 ; On                 ;
; Ignore Verilog initial constructs                                          ; Off                ; Off                ;
; Iteration limit for constant Verilog loops                                 ; 5000               ; 5000               ;
; Iteration limit for non-constant Verilog loops                             ; 250                ; 250                ;
; Add Pass-Through Logic to Inferred RAMs                                    ; On                 ; On                 ;
; Infer RAMs from Raw Logic                                                  ; On                 ; On                 ;
; Parallel Synthesis                                                         ; On                 ; On                 ;
; DSP Block Balancing                                                        ; Auto               ; Auto               ;
; NOT Gate Push-Back                                                         ; On                 ; On                 ;
; Power-Up Don't Care                                                        ; On                 ; On                 ;
; Remove Redundant Logic Cells                                               ; Off                ; Off                ;
; Remove Duplicate Registers                                                 ; On                 ; On                 ;
; Ignore CARRY Buffers                                                       ; Off                ; Off                ;
; Ignore CASCADE Buffers                                                     ; Off                ; Off                ;
; Ignore GLOBAL Buffers                                                      ; Off                ; Off                ;
; Ignore ROW GLOBAL Buffers                                                  ; Off                ; Off                ;
; Ignore LCELL Buffers                                                       ; Off                ; Off                ;
; Ignore SOFT Buffers                                                        ; On                 ; On                 ;
; Limit AHDL Integers to 32 Bits                                             ; Off                ; Off                ;
; Optimization Technique                                                     ; Balanced           ; Balanced           ;
; Carry Chain Length                                                         ; 70                 ; 70                 ;
; Auto Carry Chains                                                          ; On                 ; On                 ;
; Auto Open-Drain Pins                                                       ; On                 ; On                 ;
; Perform WYSIWYG Primitive Resynthesis                                      ; Off                ; Off                ;
; Auto ROM Replacement                                                       ; On                 ; On                 ;
; Auto RAM Replacement                                                       ; On                 ; On                 ;
; Auto Shift Register Replacement                                            ; Auto               ; Auto               ;
; Allow Shift Register Merging across Hierarchies                            ; Auto               ; Auto               ;
; Auto Clock Enable Replacement                                              ; On                 ; On                 ;
; Strict RAM Replacement                                                     ; Off                ; Off                ;
; Allow Synchronous Control Signals                                          ; On                 ; On                 ;
; Force Use of Synchronous Clear Signals                                     ; Off                ; Off                ;
; Auto RAM to Logic Cell Conversion                                          ; Off                ; Off                ;
; Auto Resource Sharing                                                      ; Off                ; Off                ;
; Allow Any RAM Size For Recognition                                         ; Off                ; Off                ;
; Allow Any ROM Size For Recognition                                         ; Off                ; Off                ;
; Allow Any Shift Register Size For Recognition                              ; Off                ; Off                ;
; Use LogicLock Constraints during Resource Balancing                        ; On                 ; On                 ;
; Ignore translate_off and synthesis_off directives                          ; Off                ; Off                ;
; Timing-Driven Synthesis                                                    ; Off                ; Off                ;
; Report Parameter Settings                                                  ; On                 ; On                 ;
; Report Source Assignments                                                  ; On                 ; On                 ;
; Report Connectivity Checks                                                 ; On                 ; On                 ;
; Ignore Maximum Fan-Out Assignments                                         ; Off                ; Off                ;
; Synchronization Register Chain Length                                      ; 2                  ; 2                  ;
; PowerPlay Power Optimization                                               ; Normal compilation ; Normal compilation ;
; HDL message level                                                          ; Level2             ; Level2             ;
; Suppress Register Optimization Related Messages                            ; Off                ; Off                ;
; Number of Removed Registers Reported in Synthesis Report                   ; 5000               ; 5000               ;
; Number of Swept Nodes Reported in Synthesis Report                         ; 5000               ; 5000               ;
; Number of Inverted Registers Reported in Synthesis Report                  ; 100                ; 100                ;
; Clock MUX Protection                                                       ; On                 ; On                 ;
; Auto Gated Clock Conversion                                                ; Off                ; Off                ;
; Block Design Naming                                                        ; Auto               ; Auto               ;
; SDC constraint protection                                                  ; Off                ; Off                ;
; Synthesis Effort                                                           ; Auto               ; Auto               ;
; Shift Register Replacement - Allow Asynchronous Clear Signal               ; On                 ; On                 ;
; Pre-Mapping Resynthesis Optimization                                       ; Off                ; Off                ;
; Analysis & Synthesis Message Level                                         ; Medium             ; Medium             ;
; Disable Register Merging Across Hierarchies                                ; Auto               ; Auto               ;
; Resource Aware Inference For Block RAM                                     ; On                 ; On                 ;
; Synthesis Seed                                                             ; 1                  ; 1                  ;
+----------------------------------------------------------------------------+--------------------+--------------------+


+------------------------------------------+
; Parallel Compilation                     ;
+----------------------------+-------------+
; Processors                 ; Number      ;
+----------------------------+-------------+
; Number detected on machine ; 4           ;
; Maximum allowed            ; 4           ;
;                            ;             ;
; Average used               ; 1.00        ;
; Maximum used               ; 1           ;
;                            ;             ;
; Usage by Processor         ; % Time Used ;
;     Processor 1            ; 100.0%      ;
;     Processors 2-4         ;   0.0%      ;
+----------------------------+-------------+


+------------------------------------------------------------------------------------------------------------------------------------------------------------------------------+
; Analysis & Synthesis Source Files Read                                                                                                                                       ;
+----------------------------------+-----------------+-----------------+---------------------------------------------------------------------------------------------+---------+
; File Name with User-Entered Path ; Used in Netlist ; File Type       ; File Name with Absolute Path                                                                ; Library ;
+----------------------------------+-----------------+-----------------+---------------------------------------------------------------------------------------------+---------+
; soustracteur.vhd                 ; yes             ; User VHDL File  ; /nfs/home/sasl/eleves/ei-se/3700758/TP_ELEC_NUM/PROJET/eise3_Num1/PMOD_KYB/soustracteur.vhd ;         ;
; negatif.vhd                      ; yes             ; User VHDL File  ; /nfs/home/sasl/eleves/ei-se/3700758/TP_ELEC_NUM/PROJET/eise3_Num1/PMOD_KYB/negatif.vhd      ;         ;
; Full_add.vhd                     ; yes             ; User VHDL File  ; /nfs/home/sasl/eleves/ei-se/3700758/TP_ELEC_NUM/PROJET/eise3_Num1/PMOD_KYB/Full_add.vhd     ;         ;
; full_a_4.vhd                     ; yes             ; User VHDL File  ; /nfs/home/sasl/eleves/ei-se/3700758/TP_ELEC_NUM/PROJET/eise3_Num1/PMOD_KYB/full_a_4.vhd     ;         ;
; memoire_Nbit.vhd                 ; yes             ; User VHDL File  ; /nfs/home/sasl/eleves/ei-se/3700758/TP_ELEC_NUM/PROJET/eise3_Num1/PMOD_KYB/memoire_Nbit.vhd ;         ;
; ../../PmodKYPD.vhd               ; yes             ; User VHDL File  ; /nfs/home/sasl/eleves/ei-se/3700758/TP_ELEC_NUM/PROJET/PmodKYPD.vhd                         ;         ;
; ../../DisplayController.vhd      ; yes             ; User VHDL File  ; /nfs/home/sasl/eleves/ei-se/3700758/TP_ELEC_NUM/PROJET/DisplayController.vhd                ;         ;
; ../../Decoder.vhd                ; yes             ; User VHDL File  ; /nfs/home/sasl/eleves/ei-se/3700758/TP_ELEC_NUM/PROJET/Decoder.vhd                          ;         ;
; ../../machine.vhd                ; yes             ; User VHDL File  ; /nfs/home/sasl/eleves/ei-se/3700758/TP_ELEC_NUM/PROJET/machine.vhd                          ;         ;
+----------------------------------+-----------------+-----------------+---------------------------------------------------------------------------------------------+---------+


+-----------------------------------------------------+
; Analysis & Synthesis Resource Usage Summary         ;
+---------------------------------------------+-------+
; Resource                                    ; Usage ;
+---------------------------------------------+-------+
; Estimated Total logic elements              ; 256   ;
;                                             ;       ;
; Total combinational functions               ; 219   ;
; Logic element usage by number of LUT inputs ;       ;
;     -- 4 input functions                    ; 113   ;
;     -- 3 input functions                    ; 42    ;
;     -- <=2 input functions                  ; 64    ;
;                                             ;       ;
; Logic elements by mode                      ;       ;
;     -- normal mode                          ; 200   ;
;     -- arithmetic mode                      ; 19    ;
;                                             ;       ;
; Total registers                             ; 128   ;
;     -- Dedicated logic registers            ; 128   ;
;     -- I/O registers                        ; 0     ;
;                                             ;       ;
; I/O pins                                    ; 45    ;
; Embedded Multiplier 9-bit elements          ; 0     ;
; Maximum fan-out node                        ; CLK   ;
; Maximum fan-out                             ; 128   ;
; Total fan-out                               ; 1083  ;
; Average fan-out                             ; 2.76  ;
+---------------------------------------------+-------+


+---------------------------------------------------------------------------------------------------------------------------------------------------------------------------------------------------------------------------------+
; Analysis & Synthesis Resource Utilization by Entity                                                                                                                                                                             ;
+-----------------------------------+-------------------+--------------+-------------+--------------+---------+-----------+------+--------------+------------------------------------------------------------------+--------------+
; Compilation Hierarchy Node        ; LC Combinationals ; LC Registers ; Memory Bits ; DSP Elements ; DSP 9x9 ; DSP 18x18 ; Pins ; Virtual Pins ; Full Hierarchy Name                                              ; Library Name ;
+-----------------------------------+-------------------+--------------+-------------+--------------+---------+-----------+------+--------------+------------------------------------------------------------------+--------------+
; |machine                          ; 219 (76)          ; 128 (82)     ; 0           ; 0            ; 0       ; 0         ; 45   ; 0            ; |machine                                                         ; work         ;
;    |DisplayController:C11|        ; 7 (7)             ; 0 (0)        ; 0           ; 0            ; 0       ; 0         ; 0    ; 0            ; |machine|DisplayController:C11                                   ; work         ;
;    |DisplayController:C4|         ; 7 (7)             ; 0 (0)        ; 0           ; 0            ; 0       ; 0         ; 0    ; 0            ; |machine|DisplayController:C4                                    ; work         ;
;    |DisplayController:C5|         ; 7 (7)             ; 0 (0)        ; 0           ; 0            ; 0       ; 0         ; 0    ; 0            ; |machine|DisplayController:C5                                    ; work         ;
;    |DisplayController:C7|         ; 7 (7)             ; 0 (0)        ; 0           ; 0            ; 0       ; 0         ; 0    ; 0            ; |machine|DisplayController:C7                                    ; work         ;
;    |DisplayController:C9|         ; 7 (7)             ; 0 (0)        ; 0           ; 0            ; 0       ; 0         ; 0    ; 0            ; |machine|DisplayController:C9                                    ; work         ;
;    |PmodKYPD:C0|                  ; 91 (0)            ; 28 (0)       ; 0           ; 0            ; 0       ; 0         ; 0    ; 0            ; |machine|PmodKYPD:C0                                             ; work         ;
;       |Decoder:C0|                ; 91 (91)           ; 28 (28)      ; 0           ; 0            ; 0       ; 0         ; 0    ; 0            ; |machine|PmodKYPD:C0|Decoder:C0                                  ; work         ;
;    |SOUSTRACTEUR:C10|             ; 11 (0)            ; 6 (0)        ; 0           ; 0            ; 0       ; 0         ; 0    ; 0            ; |machine|SOUSTRACTEUR:C10                                        ; work         ;
;       |NEGATIF:P0|                ; 5 (5)             ; 6 (6)        ; 0           ; 0            ; 0       ; 0         ; 0    ; 0            ; |machine|SOUSTRACTEUR:C10|NEGATIF:P0                             ; work         ;
;       |full_adder_4:P1|           ; 6 (0)             ; 0 (0)        ; 0           ; 0            ; 0       ; 0         ; 0    ; 0            ; |machine|SOUSTRACTEUR:C10|full_adder_4:P1                        ; work         ;
;          |FULLADDER:\leloop:0:L0| ; 1 (1)             ; 0 (0)        ; 0           ; 0            ; 0       ; 0         ; 0    ; 0            ; |machine|SOUSTRACTEUR:C10|full_adder_4:P1|FULLADDER:\leloop:0:L0 ; work         ;
;          |FULLADDER:\leloop:1:L0| ; 2 (2)             ; 0 (0)        ; 0           ; 0            ; 0       ; 0         ; 0    ; 0            ; |machine|SOUSTRACTEUR:C10|full_adder_4:P1|FULLADDER:\leloop:1:L0 ; work         ;
;          |FULLADDER:\leloop:2:L0| ; 1 (1)             ; 0 (0)        ; 0           ; 0            ; 0       ; 0         ; 0    ; 0            ; |machine|SOUSTRACTEUR:C10|full_adder_4:P1|FULLADDER:\leloop:2:L0 ; work         ;
;          |FULLADDER:\leloop:3:L0| ; 2 (2)             ; 0 (0)        ; 0           ; 0            ; 0       ; 0         ; 0    ; 0            ; |machine|SOUSTRACTEUR:C10|full_adder_4:P1|FULLADDER:\leloop:3:L0 ; work         ;
;    |full_adder_4:C8|              ; 6 (0)             ; 0 (0)        ; 0           ; 0            ; 0       ; 0         ; 0    ; 0            ; |machine|full_adder_4:C8                                         ; work         ;
;       |FULLADDER:\leloop:0:L0|    ; 1 (1)             ; 0 (0)        ; 0           ; 0            ; 0       ; 0         ; 0    ; 0            ; |machine|full_adder_4:C8|FULLADDER:\leloop:0:L0                  ; work         ;
;       |FULLADDER:\leloop:1:L0|    ; 2 (2)             ; 0 (0)        ; 0           ; 0            ; 0       ; 0         ; 0    ; 0            ; |machine|full_adder_4:C8|FULLADDER:\leloop:1:L0                  ; work         ;
;       |FULLADDER:\leloop:2:L0|    ; 1 (1)             ; 0 (0)        ; 0           ; 0            ; 0       ; 0         ; 0    ; 0            ; |machine|full_adder_4:C8|FULLADDER:\leloop:2:L0                  ; work         ;
;       |FULLADDER:\leloop:3:L0|    ; 2 (2)             ; 0 (0)        ; 0           ; 0            ; 0       ; 0         ; 0    ; 0            ; |machine|full_adder_4:C8|FULLADDER:\leloop:3:L0                  ; work         ;
;    |memoire_Nbit:C1|              ; 0 (0)             ; 4 (4)        ; 0           ; 0            ; 0       ; 0         ; 0    ; 0            ; |machine|memoire_Nbit:C1                                         ; work         ;
;    |memoire_Nbit:C2|              ; 0 (0)             ; 4 (4)        ; 0           ; 0            ; 0       ; 0         ; 0    ; 0            ; |machine|memoire_Nbit:C2                                         ; work         ;
;    |memoire_Nbit:C3|              ; 0 (0)             ; 4 (4)        ; 0           ; 0            ; 0       ; 0         ; 0    ; 0            ; |machine|memoire_Nbit:C3                                         ; work         ;
+-----------------------------------+-------------------+--------------+-------------+--------------+---------+-----------+------+--------------+------------------------------------------------------------------+--------------+
Note: For table entries with two numbers listed, the numbers in parentheses indicate the number of resources of the given type used by the specific entity alone. The numbers listed outside of parentheses indicate the total resources of the given type used by the specific entity and all of its sub-entities in the hierarchy.


Encoding Type:  One-Hot
+----------------------------------------------------------------------------+
; State Machine - |machine|etatP                                             ;
+----------+----------+----------+----------+----------+----------+----------+
; Name     ; etatP.e5 ; etatP.e4 ; etatP.e3 ; etatP.e2 ; etatP.e1 ; etatP.e0 ;
+----------+----------+----------+----------+----------+----------+----------+
; etatP.e0 ; 0        ; 0        ; 0        ; 0        ; 0        ; 0        ;
; etatP.e1 ; 0        ; 0        ; 0        ; 0        ; 1        ; 1        ;
; etatP.e2 ; 0        ; 0        ; 0        ; 1        ; 0        ; 1        ;
; etatP.e3 ; 0        ; 0        ; 1        ; 0        ; 0        ; 1        ;
; etatP.e4 ; 0        ; 1        ; 0        ; 0        ; 0        ; 1        ;
; etatP.e5 ; 1        ; 0        ; 0        ; 0        ; 0        ; 1        ;
+----------+----------+----------+----------+----------+----------+----------+


+---------------------------------------------------------------------------------------------------+
; User-Specified and Inferred Latches                                                               ;
+----------------------------------------------------+---------------------+------------------------+
; Latch Name                                         ; Latch Enable Signal ; Free of Timing Hazards ;
+----------------------------------------------------+---------------------+------------------------+
; etatF.e2_656                                       ; Selector0           ; yes                    ;
; etatF.e5_617                                       ; Selector0           ; yes                    ;
; etatF.e1_669                                       ; Selector0           ; yes                    ;
; etatF.e3_643                                       ; Selector0           ; yes                    ;
; etatF.e4_630                                       ; Selector0           ; yes                    ;
; etatF.e0_682                                       ; Selector0           ; yes                    ;
; Number of user-specified and inferred latches = 6  ;                     ;                        ;
+----------------------------------------------------+---------------------+------------------------+
Note: All latches listed above may not be present at the end of synthesis due to various synthesis optimizations.


+-----------------------------------------------------------------------------------------+
; Registers Removed During Synthesis                                                      ;
+---------------------------------------+-------------------------------------------------+
; Register name                         ; Reason for Removal                              ;
+---------------------------------------+-------------------------------------------------+
; AFFICHAGE[21]~reg0                    ; Stuck at VCC due to stuck port data_in          ;
; AFFICHAGE[22]~reg0                    ; Stuck at VCC due to stuck port data_in          ;
; AFFICHAGE[23]~reg0                    ; Stuck at VCC due to stuck port data_in          ;
; AFFICHAGE[24]~reg0                    ; Stuck at VCC due to stuck port data_in          ;
; AFFICHAGE[25]~reg0                    ; Stuck at VCC due to stuck port data_in          ;
; AFFICHAGE[26]~reg0                    ; Stuck at VCC due to stuck port data_in          ;
; AFFICHAGE[27]~reg0                    ; Stuck at VCC due to stuck port data_in          ;
; ETAT_ACTUEL[3]~reg0                   ; Stuck at GND due to stuck port data_in          ;
; SOUSTRACTEUR:C10|NEGATIF:P0|S[0]      ; Merged with SOUSTRACTEUR:C10|NEGATIF:P0|temp[0] ;
; Total Number of Removed Registers = 9 ;                                                 ;
+---------------------------------------+-------------------------------------------------+


+------------------------------------------------------+
; General Register Statistics                          ;
+----------------------------------------------+-------+
; Statistic                                    ; Value ;
+----------------------------------------------+-------+
; Total registers                              ; 128   ;
; Number of registers using Synchronous Clear  ; 0     ;
; Number of registers using Synchronous Load   ; 7     ;
; Number of registers using Asynchronous Clear ; 0     ;
; Number of registers using Asynchronous Load  ; 0     ;
; Number of registers using Clock Enable       ; 81    ;
; Number of registers using Preset             ; 0     ;
+----------------------------------------------+-------+


+--------------------------------------------------------------------------------------------------------------------------------------------------------+
; Multiplexer Restructuring Statistics (Restructuring Performed)                                                                                         ;
+--------------------+-----------+---------------+----------------------+------------------------+------------+------------------------------------------+
; Multiplexer Inputs ; Bus Width ; Baseline Area ; Area if Restructured ; Saving if Restructured ; Registered ; Example Multiplexer Output               ;
+--------------------+-----------+---------------+----------------------+------------------------+------------+------------------------------------------+
; 3:1                ; 7 bits    ; 14 LEs        ; 7 LEs                ; 7 LEs                  ; Yes        ; |machine|affichageOperation[4]           ;
; 3:1                ; 7 bits    ; 14 LEs        ; 7 LEs                ; 7 LEs                  ; Yes        ; |machine|RESULTAT_AFFICHAGE[6]           ;
; 3:1                ; 7 bits    ; 14 LEs        ; 7 LEs                ; 7 LEs                  ; Yes        ; |machine|AFFICHAGE[18]~reg0              ;
; 3:1                ; 7 bits    ; 14 LEs        ; 7 LEs                ; 7 LEs                  ; Yes        ; |machine|affichagePremier[4]             ;
; 4:1                ; 7 bits    ; 14 LEs        ; 14 LEs               ; 0 LEs                  ; Yes        ; |machine|AFFICHAGE[12]~reg0              ;
; 5:1                ; 7 bits    ; 21 LEs        ; 14 LEs               ; 7 LEs                  ; Yes        ; |machine|AFFICHAGE[6]~reg0               ;
; 8:1                ; 4 bits    ; 20 LEs        ; 8 LEs                ; 12 LEs                 ; Yes        ; |machine|PmodKYPD:C0|Decoder:C0|Col[0]   ;
; 9:1                ; 20 bits   ; 120 LEs       ; 20 LEs               ; 100 LEs                ; Yes        ; |machine|PmodKYPD:C0|Decoder:C0|sclk[15] ;
+--------------------+-----------+---------------+----------------------+------------------------+------------+------------------------------------------+


+--------------------------------------------------------------+
; Parameter Settings for User Entity Instance: memoire_Nbit:C1 ;
+----------------+-------+-------------------------------------+
; Parameter Name ; Value ; Type                                ;
+----------------+-------+-------------------------------------+
; n              ; 4     ; Signed Integer                      ;
+----------------+-------+-------------------------------------+
Note: In order to hide this table in the UI and the text report file, please set the "Show Parameter Settings in Synthesis Report" option in "Analysis and Synthesis Settings -> More Settings" to "Off".


+--------------------------------------------------------------+
; Parameter Settings for User Entity Instance: memoire_Nbit:C2 ;
+----------------+-------+-------------------------------------+
; Parameter Name ; Value ; Type                                ;
+----------------+-------+-------------------------------------+
; n              ; 4     ; Signed Integer                      ;
+----------------+-------+-------------------------------------+
Note: In order to hide this table in the UI and the text report file, please set the "Show Parameter Settings in Synthesis Report" option in "Analysis and Synthesis Settings -> More Settings" to "Off".


+--------------------------------------------------------------+
; Parameter Settings for User Entity Instance: memoire_Nbit:C3 ;
+----------------+-------+-------------------------------------+
; Parameter Name ; Value ; Type                                ;
+----------------+-------+-------------------------------------+
; n              ; 4     ; Signed Integer                      ;
+----------------+-------+-------------------------------------+
Note: In order to hide this table in the UI and the text report file, please set the "Show Parameter Settings in Synthesis Report" option in "Analysis and Synthesis Settings -> More Settings" to "Off".


+----------------------------------------------------------------------------------------------------------------+
; Port Connectivity Checks: "SOUSTRACTEUR:C10|full_adder_4:P1|FULLADDER:\leloop:3:L0"                            ;
+------+--------+----------+-------------------------------------------------------------------------------------+
; Port ; Type   ; Severity ; Details                                                                             ;
+------+--------+----------+-------------------------------------------------------------------------------------+
; c2   ; Output ; Info     ; Connected to dangling logic. Logic that only feeds a dangling port will be removed. ;
+------+--------+----------+-------------------------------------------------------------------------------------+


+-------------------------------------------------------------------------------------+
; Port Connectivity Checks: "SOUSTRACTEUR:C10|full_adder_4:P1|FULLADDER:\leloop:0:L0" ;
+------+-------+----------+-----------------------------------------------------------+
; Port ; Type  ; Severity ; Details                                                   ;
+------+-------+----------+-----------------------------------------------------------+
; c1   ; Input ; Info     ; Stuck at GND                                              ;
+------+-------+----------+-----------------------------------------------------------+


+--------------------------------------------------------------+
; Port Connectivity Checks: "SOUSTRACTEUR:C10|full_adder_4:P1" ;
+------+-------+----------+------------------------------------+
; Port ; Type  ; Severity ; Details                            ;
+------+-------+----------+------------------------------------+
; cin  ; Input ; Info     ; Stuck at GND                       ;
+------+-------+----------+------------------------------------+


+----------------------------------------------------------------------------------------------------------------+
; Port Connectivity Checks: "full_adder_4:C8|FULLADDER:\leloop:3:L0"                                             ;
+------+--------+----------+-------------------------------------------------------------------------------------+
; Port ; Type   ; Severity ; Details                                                                             ;
+------+--------+----------+-------------------------------------------------------------------------------------+
; c2   ; Output ; Info     ; Connected to dangling logic. Logic that only feeds a dangling port will be removed. ;
+------+--------+----------+-------------------------------------------------------------------------------------+


+--------------------------------------------------------------------+
; Port Connectivity Checks: "full_adder_4:C8|FULLADDER:\leloop:0:L0" ;
+------+-------+----------+------------------------------------------+
; Port ; Type  ; Severity ; Details                                  ;
+------+-------+----------+------------------------------------------+
; c1   ; Input ; Info     ; Stuck at GND                             ;
+------+-------+----------+------------------------------------------+


+---------------------------------------------+
; Port Connectivity Checks: "full_adder_4:C8" ;
+------+-------+----------+-------------------+
; Port ; Type  ; Severity ; Details           ;
+------+-------+----------+-------------------+
; cin  ; Input ; Info     ; Stuck at GND      ;
+------+-------+----------+-------------------+


+------------------------------------------------------------------------------------------------------------------+
; Port Connectivity Checks: "DisplayController:C6"                                                                 ;
+--------+--------+----------+-------------------------------------------------------------------------------------+
; Port   ; Type   ; Severity ; Details                                                                             ;
+--------+--------+----------+-------------------------------------------------------------------------------------+
; segout ; Output ; Info     ; Connected to dangling logic. Logic that only feeds a dangling port will be removed. ;
+--------+--------+----------+-------------------------------------------------------------------------------------+


+-------------------------------+
; Elapsed Time Per Partition    ;
+----------------+--------------+
; Partition Name ; Elapsed Time ;
+----------------+--------------+
; Top            ; 00:00:00     ;
+----------------+--------------+


+-------------------------------+
; Analysis & Synthesis Messages ;
+-------------------------------+
Info: *******************************************************************
Info: Running Quartus II 64-Bit Analysis & Synthesis
    Info: Version 13.0.1 Build 232 06/12/2013 Service Pack 1 SJ Full Version
    Info: Processing started: Tue Jan  9 16:53:03 2018
Info: Command: quartus_map --read_settings_files=on --write_settings_files=off PMOD_KYB -c PMOD_KYB
Info (20030): Parallel compilation is enabled and will use 4 of the 4 processors detected
Info (12021): Found 2 design units, including 1 entities, in source file soustracteur.vhd
    Info (12022): Found design unit 1: SOUSTRACTEUR-dataflow
    Info (12023): Found entity 1: SOUSTRACTEUR
Info (12021): Found 2 design units, including 1 entities, in source file negatif.vhd
    Info (12022): Found design unit 1: NEGATIF-dataflow
    Info (12023): Found entity 1: NEGATIF
Info (12021): Found 2 design units, including 1 entities, in source file Full_add.vhd
    Info (12022): Found design unit 1: FULLADDER-dataflow
    Info (12023): Found entity 1: FULLADDER
Info (12021): Found 2 design units, including 1 entities, in source file full_a_4.vhd
    Info (12022): Found design unit 1: full_adder_4-full_adder_4_a
    Info (12023): Found entity 1: full_adder_4
Info (12021): Found 2 design units, including 1 entities, in source file memoire_Nbit.vhd
    Info (12022): Found design unit 1: memoire_Nbit-behav
    Info (12023): Found entity 1: memoire_Nbit
Info (12021): Found 2 design units, including 1 entities, in source file /nfs/home/sasl/eleves/ei-se/3700758/TP_ELEC_NUM/PROJET/PmodKYPD.vhd
    Info (12022): Found design unit 1: PmodKYPD-Behavioral
    Info (12023): Found entity 1: PmodKYPD
Info (12021): Found 2 design units, including 1 entities, in source file /nfs/home/sasl/eleves/ei-se/3700758/TP_ELEC_NUM/PROJET/DisplayController.vhd
    Info (12022): Found design unit 1: DisplayController-Behavioral
    Info (12023): Found entity 1: DisplayController
Info (12021): Found 2 design units, including 1 entities, in source file /nfs/home/sasl/eleves/ei-se/3700758/TP_ELEC_NUM/PROJET/Decoder.vhd
    Info (12022): Found design unit 1: Decoder-Behavioral
    Info (12023): Found entity 1: Decoder
Info (12021): Found 2 design units, including 1 entities, in source file /nfs/home/sasl/eleves/ei-se/3700758/TP_ELEC_NUM/PROJET/machine.vhd
    Info (12022): Found design unit 1: machine-dataflow
    Info (12023): Found entity 1: machine
Info (12127): Elaborating entity "machine" for the top level hierarchy
Warning (10541): VHDL Signal Declaration warning at machine.vhd(28): used implicit default value for signal "CLEAR" because signal was never assigned a value or an explicit default value. Use of implicit default value may introduce unintended design optimizations.
Warning (10036): Verilog HDL or VHDL warning at machine.vhd(43): object "affichageMemoire3" assigned a value but never read
Warning (10492): VHDL Process Statement warning at machine.vhd(129): signal "CLEAR" is read inside the Process Statement but isn't in the Process Statement's sensitivity list
Warning (10492): VHDL Process Statement warning at machine.vhd(129): signal "SWITCH_ETAT0" is read inside the Process Statement but isn't in the Process Statement's sensitivity list
Warning (10492): VHDL Process Statement warning at machine.vhd(136): signal "CLEAR" is read inside the Process Statement but isn't in the Process Statement's sensitivity list
Warning (10492): VHDL Process Statement warning at machine.vhd(136): signal "SWITCH_ETAT1" is read inside the Process Statement but isn't in the Process Statement's sensitivity list
Warning (10492): VHDL Process Statement warning at machine.vhd(144): signal "CLEAR" is read inside the Process Statement but isn't in the Process Statement's sensitivity list
Warning (10492): VHDL Process Statement warning at machine.vhd(144): signal "SWITCH_ETAT2" is read inside the Process Statement but isn't in the Process Statement's sensitivity list
Warning (10492): VHDL Process Statement warning at machine.vhd(147): signal "memoire2" is read inside the Process Statement but isn't in the Process Statement's sensitivity list
Warning (10492): VHDL Process Statement warning at machine.vhd(149): signal "memoire2" is read inside the Process Statement but isn't in the Process Statement's sensitivity list
Warning (10492): VHDL Process Statement warning at machine.vhd(154): signal "SWITCH_ETAT3" is read inside the Process Statement but isn't in the Process Statement's sensitivity list
Warning (10492): VHDL Process Statement warning at machine.vhd(161): signal "SWITCH_ETAT3" is read inside the Process Statement but isn't in the Process Statement's sensitivity list
Warning (10492): VHDL Process Statement warning at machine.vhd(168): signal "SWITCH_ETAT0" is read inside the Process Statement but isn't in the Process Statement's sensitivity list
Warning (10492): VHDL Process Statement warning at machine.vhd(168): signal "SWITCH_ETAT1" is read inside the Process Statement but isn't in the Process Statement's sensitivity list
Warning (10492): VHDL Process Statement warning at machine.vhd(168): signal "SWITCH_ETAT2" is read inside the Process Statement but isn't in the Process Statement's sensitivity list
Warning (10492): VHDL Process Statement warning at machine.vhd(168): signal "SWITCH_ETAT3" is read inside the Process Statement but isn't in the Process Statement's sensitivity list
Warning (10631): VHDL Process Statement warning at machine.vhd(125): inferring latch(es) for signal or variable "etatF", which holds its previous value in one or more paths through the process
Info (10041): Inferred latch for "etatF.e5" at machine.vhd(125)
Info (10041): Inferred latch for "etatF.e4" at machine.vhd(125)
Info (10041): Inferred latch for "etatF.e3" at machine.vhd(125)
Info (10041): Inferred latch for "etatF.e2" at machine.vhd(125)
Info (10041): Inferred latch for "etatF.e1" at machine.vhd(125)
Info (10041): Inferred latch for "etatF.e0" at machine.vhd(125)
Info (12129): Elaborating entity "PmodKYPD" using architecture "A:behavioral" for hierarchy "PmodKYPD:C0"
Info (12128): Elaborating entity "Decoder" for hierarchy "PmodKYPD:C0|Decoder:C0"
Info (12129): Elaborating entity "memoire_Nbit" using architecture "A:behav" for hierarchy "memoire_Nbit:C1"
Info (12129): Elaborating entity "DisplayController" using architecture "A:behavioral" for hierarchy "DisplayController:C4"
Info (12129): Elaborating entity "full_adder_4" using architecture "A:full_adder_4_a" for hierarchy "full_adder_4:C8"
Info (12128): Elaborating entity "FULLADDER" for hierarchy "full_adder_4:C8|FULLADDER:\leloop:0:L0"
Info (12129): Elaborating entity "SOUSTRACTEUR" using architecture "A:dataflow" for hierarchy "SOUSTRACTEUR:C10"
Info (12128): Elaborating entity "NEGATIF" for hierarchy "SOUSTRACTEUR:C10|NEGATIF:P0"
Info (12128): Elaborating entity "full_adder_4" for hierarchy "SOUSTRACTEUR:C10|full_adder_4:P1"
Warning (13012): Latch etatF.e2_656 has unsafe behavior
    Warning (13013): Ports D and ENA on the latch are fed by the same signal SWITCH_ETAT2
Warning (13012): Latch etatF.e5_617 has unsafe behavior
    Warning (13013): Ports D and ENA on the latch are fed by the same signal SWITCH_ETAT2
Warning (13012): Latch etatF.e3_643 has unsafe behavior
    Warning (13013): Ports D and ENA on the latch are fed by the same signal SWITCH_ETAT2
Warning (13012): Latch etatF.e4_630 has unsafe behavior
    Warning (13013): Ports D and ENA on the latch are fed by the same signal SWITCH_ETAT2
Warning (13012): Latch etatF.e0_682 has unsafe behavior
    Warning (13013): Ports D and ENA on the latch are fed by the same signal SWITCH_ETAT2
Warning (13024): Output pins are stuck at VCC or GND
    Warning (13410): Pin "AFFICHAGE[21]" is stuck at VCC
    Warning (13410): Pin "AFFICHAGE[22]" is stuck at VCC
    Warning (13410): Pin "AFFICHAGE[23]" is stuck at VCC
    Warning (13410): Pin "AFFICHAGE[24]" is stuck at VCC
    Warning (13410): Pin "AFFICHAGE[25]" is stuck at VCC
    Warning (13410): Pin "AFFICHAGE[26]" is stuck at VCC
    Warning (13410): Pin "AFFICHAGE[27]" is stuck at VCC
    Warning (13410): Pin "ETAT_ACTUEL[3]" is stuck at GND
Info (16010): Generating hard_block partition "hard_block:auto_generated_inst"
    Info (16011): Adding 0 node(s), including 0 DDIO, 0 PLL, 0 transceiver and 0 LCELL
Info (21057): Implemented 316 device resources after synthesis - the final resource count might be different
    Info (21058): Implemented 9 input pins
    Info (21059): Implemented 36 output pins
    Info (21061): Implemented 271 logic cells
Info: Quartus II 64-Bit Analysis & Synthesis was successful. 0 errors, 36 warnings
    Info: Peak virtual memory: 636 megabytes
    Info: Processing ended: Tue Jan  9 16:53:05 2018
    Info: Elapsed time: 00:00:02
    Info: Total CPU time (on all processors): 00:00:02


