Flow report for PMOD_KYB
Tue Jan  9 16:53:15 2018
Quartus II 64-Bit Version 13.0.1 Build 232 06/12/2013 Service Pack 1 SJ Full Version


---------------------
; Table of Contents ;
---------------------
  1. Legal Notice
  2. Flow Summary
  3. Flow Settings
  4. Flow Non-Default Global Settings
  5. Flow Elapsed Time
  6. Flow OS Summary
  7. Flow Log
  8. Flow Messages
  9. Flow Suppressed Messages



----------------
; Legal Notice ;
----------------
Copyright (C) 1991-2013 Altera Corporation
Your use of Altera Corporation's design tools, logic functions 
and other software and tools, and its AMPP partner logic 
functions, and any output files from any of the foregoing 
(including device programming or simulation files), and any 
associated documentation or information are expressly subject 
to the terms and conditions of the Altera Program License 
Subscription Agreement, Altera MegaCore Function License 
Agreement, or other applicable license agreement, including, 
without limitation, that your use is for the sole purpose of 
programming logic devices manufactured by Altera and sold by 
Altera or its authorized distributors.  Please refer to the 
applicable agreement for further details.



+---------------------------------------------------------------------------------------+
; Flow Summary                                                                          ;
+------------------------------------+--------------------------------------------------+
; Flow Status                        ; Successful - Tue Jan  9 16:53:13 2018            ;
; Quartus II 64-Bit Version          ; 13.0.1 Build 232 06/12/2013 SP 1 SJ Full Version ;
; Revision Name                      ; PMOD_KYB                                         ;
; Top-level Entity Name              ; machine                                          ;
; Family                             ; Cyclone II                                       ;
; Device                             ; EP2C20F484C7                                     ;
; Timing Models                      ; Final                                            ;
; Total logic elements               ; 250 / 18,752 ( 1 % )                             ;
;     Total combinational functions  ; 219 / 18,752 ( 1 % )                             ;
;     Dedicated logic registers      ; 128 / 18,752 ( < 1 % )                           ;
; Total registers                    ; 128                                              ;
; Total pins                         ; 45 / 315 ( 14 % )                                ;
; Total virtual pins                 ; 0                                                ;
; Total memory bits                  ; 0 / 239,616 ( 0 % )                              ;
; Embedded Multiplier 9-bit elements ; 0 / 52 ( 0 % )                                   ;
; Total PLLs                         ; 0 / 4 ( 0 % )                                    ;
+------------------------------------+--------------------------------------------------+


+-----------------------------------------+
; Flow Settings                           ;
+-------------------+---------------------+
; Option            ; Setting             ;
+-------------------+---------------------+
; Start date & time ; 01/09/2018 16:53:03 ;
; Main task         ; Compilation         ;
; Revision Name     ; PMOD_KYB            ;
+-------------------+---------------------+


+------------------------------------------------------------------------------------------------------------------------+
; Flow Non-Default Global Settings                                                                                       ;
+-------------------------------------+---------------------------------------+---------------+-------------+------------+
; Assignment Name                     ; Value                                 ; Default Value ; Entity Name ; Section Id ;
+-------------------------------------+---------------------------------------+---------------+-------------+------------+
; COMPILER_SIGNATURE_ID               ; 22759551804262.151551318323303        ; --            ; --          ; --         ;
; MAX_CORE_JUNCTION_TEMP              ; 85                                    ; --            ; --          ; --         ;
; MIN_CORE_JUNCTION_TEMP              ; 0                                     ; --            ; --          ; --         ;
; PARTITION_COLOR                     ; 16764057                              ; --            ; machine     ; Top        ;
; PARTITION_FITTER_PRESERVATION_LEVEL ; PLACEMENT_AND_ROUTING                 ; --            ; machine     ; Top        ;
; PARTITION_NETLIST_TYPE              ; SOURCE                                ; --            ; machine     ; Top        ;
; POWER_BOARD_THERMAL_MODEL           ; None (CONSERVATIVE)                   ; --            ; --          ; --         ;
; POWER_PRESET_COOLING_SOLUTION       ; 23 MM HEAT SINK WITH 200 LFPM AIRFLOW ; --            ; --          ; --         ;
; TOP_LEVEL_ENTITY                    ; machine                               ; PMOD_KYB      ; --          ; --         ;
+-------------------------------------+---------------------------------------+---------------+-------------+------------+


+-------------------------------------------------------------------------------------------------------------------------------+
; Flow Elapsed Time                                                                                                             ;
+---------------------------+--------------+-------------------------+---------------------+------------------------------------+
; Module Name               ; Elapsed Time ; Average Processors Used ; Peak Virtual Memory ; Total CPU Time (on all processors) ;
+---------------------------+--------------+-------------------------+---------------------+------------------------------------+
; Analysis & Synthesis      ; 00:00:02     ; 1.0                     ; 600 MB              ; 00:00:02                           ;
; Fitter                    ; 00:00:05     ; 1.0                     ; 756 MB              ; 00:00:06                           ;
; Assembler                 ; 00:00:01     ; 1.0                     ; 543 MB              ; 00:00:01                           ;
; TimeQuest Timing Analyzer ; 00:00:01     ; 1.0                     ; 523 MB              ; 00:00:01                           ;
; Total                     ; 00:00:09     ; --                      ; --                  ; 00:00:10                           ;
+---------------------------+--------------+-------------------------+---------------------+------------------------------------+


+-----------------------------------------------------------------------------------------+
; Flow OS Summary                                                                         ;
+---------------------------+------------------+------------+------------+----------------+
; Module Name               ; Machine Hostname ; OS Name    ; OS Version ; Processor type ;
+---------------------------+------------------+------------+------------+----------------+
; Analysis & Synthesis      ; pc4050           ; Linux Mint ; 17         ; x86_64         ;
; Fitter                    ; pc4050           ; Linux Mint ; 17         ; x86_64         ;
; Assembler                 ; pc4050           ; Linux Mint ; 17         ; x86_64         ;
; TimeQuest Timing Analyzer ; pc4050           ; Linux Mint ; 17         ; x86_64         ;
+---------------------------+------------------+------------+------------+----------------+


------------
; Flow Log ;
------------
quartus_map --read_settings_files=on --write_settings_files=off PMOD_KYB -c PMOD_KYB
quartus_fit --read_settings_files=off --write_settings_files=off PMOD_KYB -c PMOD_KYB
quartus_asm --read_settings_files=off --write_settings_files=off PMOD_KYB -c PMOD_KYB
quartus_sta PMOD_KYB -c PMOD_KYB



