Analysis & Synthesis report for Carte_dtmf
Thu Mar 15 12:37:01 2018
Quartus II 64-Bit Version 13.0.1 Build 232 06/12/2013 Service Pack 1 SJ Full Version


---------------------
; Table of Contents ;
---------------------
  1. Legal Notice
  2. Analysis & Synthesis Summary
  3. Analysis & Synthesis Settings
  4. Parallel Compilation
  5. Analysis & Synthesis Source Files Read
  6. Analysis & Synthesis Resource Usage Summary
  7. Analysis & Synthesis Resource Utilization by Entity
  8. State Machine - |DTMF|MAET:C2|EtatFutur
  9. State Machine - |DTMF|MAET:C2|EtatPresent
 10. Registers Removed During Synthesis
 11. General Register Statistics
 12. Inverted Register Statistics
 13. Multiplexer Restructuring Statistics (Restructuring Performed)
 14. Parameter Settings for User Entity Instance: PS2_Ctrl:C0
 15. Port Connectivity Checks: "SevenSeg:C10"
 16. Port Connectivity Checks: "full_adder_7:C8|FULLADDER:\leloop:0:L0"
 17. Port Connectivity Checks: "full_adder_7:C8"
 18. Port Connectivity Checks: "tick_mae:C1"
 19. Port Connectivity Checks: "PS2_Ctrl:C0"
 20. Elapsed Time Per Partition
 21. Analysis & Synthesis Messages



----------------
; Legal Notice ;
----------------
Copyright (C) 1991-2013 Altera Corporation
Your use of Altera Corporation's design tools, logic functions 
and other software and tools, and its AMPP partner logic 
functions, and any output files from any of the foregoing 
(including device programming or simulation files), and any 
associated documentation or information are expressly subject 
to the terms and conditions of the Altera Program License 
Subscription Agreement, Altera MegaCore Function License 
Agreement, or other applicable license agreement, including, 
without limitation, that your use is for the sole purpose of 
programming logic devices manufactured by Altera and sold by 
Altera or its authorized distributors.  Please refer to the 
applicable agreement for further details.



+--------------------------------------------------------------------------------+
; Analysis & Synthesis Summary                                                   ;
+-----------------------------+--------------------------------------------------+
; Analysis & Synthesis Status ; Successful - Thu Mar 15 12:37:01 2018            ;
; Quartus II 64-Bit Version   ; 13.0.1 Build 232 06/12/2013 SP 1 SJ Full Version ;
; Revision Name               ; Carte_dtmf                                       ;
; Top-level Entity Name       ; DTMF                                             ;
; Family                      ; Cyclone                                          ;
; Total logic elements        ; 370                                              ;
; Total pins                  ; 13                                               ;
; Total virtual pins          ; 0                                                ;
; Total memory bits           ; 0                                                ;
; Total PLLs                  ; 0                                                ;
+-----------------------------+--------------------------------------------------+


+----------------------------------------------------------------------------------------------------------------------+
; Analysis & Synthesis Settings                                                                                        ;
+----------------------------------------------------------------------------+--------------------+--------------------+
; Option                                                                     ; Setting            ; Default Value      ;
+----------------------------------------------------------------------------+--------------------+--------------------+
; Device                                                                     ; EP1C6T144C6        ;                    ;
; Top-level entity name                                                      ; DTMF               ; Carte_dtmf         ;
; Family name                                                                ; Cyclone            ; Cyclone IV GX      ;
; Use smart compilation                                                      ; Off                ; Off                ;
; Enable parallel Assembler and TimeQuest Timing Analyzer during compilation ; On                 ; On                 ;
; Enable compact report table                                                ; Off                ; Off                ;
; Restructure Multiplexers                                                   ; Auto               ; Auto               ;
; Create Debugging Nodes for IP Cores                                        ; Off                ; Off                ;
; Preserve fewer node names                                                  ; On                 ; On                 ;
; Disable OpenCore Plus hardware evaluation                                  ; Off                ; Off                ;
; Verilog Version                                                            ; Verilog_2001       ; Verilog_2001       ;
; VHDL Version                                                               ; VHDL_1993          ; VHDL_1993          ;
; State Machine Processing                                                   ; Auto               ; Auto               ;
; Safe State Machine                                                         ; Off                ; Off                ;
; Extract Verilog State Machines                                             ; On                 ; On                 ;
; Extract VHDL State Machines                                                ; On                 ; On                 ;
; Ignore Verilog initial constructs                                          ; Off                ; Off                ;
; Iteration limit for constant Verilog loops                                 ; 5000               ; 5000               ;
; Iteration limit for non-constant Verilog loops                             ; 250                ; 250                ;
; Add Pass-Through Logic to Inferred RAMs                                    ; On                 ; On                 ;
; Infer RAMs from Raw Logic                                                  ; On                 ; On                 ;
; Parallel Synthesis                                                         ; On                 ; On                 ;
; NOT Gate Push-Back                                                         ; On                 ; On                 ;
; Power-Up Don't Care                                                        ; On                 ; On                 ;
; Remove Redundant Logic Cells                                               ; Off                ; Off                ;
; Remove Duplicate Registers                                                 ; On                 ; On                 ;
; Ignore CARRY Buffers                                                       ; Off                ; Off                ;
; Ignore CASCADE Buffers                                                     ; Off                ; Off                ;
; Ignore GLOBAL Buffers                                                      ; Off                ; Off                ;
; Ignore ROW GLOBAL Buffers                                                  ; Off                ; Off                ;
; Ignore LCELL Buffers                                                       ; Off                ; Off                ;
; Ignore SOFT Buffers                                                        ; On                 ; On                 ;
; Limit AHDL Integers to 32 Bits                                             ; Off                ; Off                ;
; Optimization Technique                                                     ; Balanced           ; Balanced           ;
; Carry Chain Length                                                         ; 70                 ; 70                 ;
; Auto Carry Chains                                                          ; On                 ; On                 ;
; Auto Open-Drain Pins                                                       ; On                 ; On                 ;
; Perform WYSIWYG Primitive Resynthesis                                      ; Off                ; Off                ;
; Auto ROM Replacement                                                       ; On                 ; On                 ;
; Auto RAM Replacement                                                       ; On                 ; On                 ;
; Auto Shift Register Replacement                                            ; Auto               ; Auto               ;
; Allow Shift Register Merging across Hierarchies                            ; Auto               ; Auto               ;
; Auto Clock Enable Replacement                                              ; On                 ; On                 ;
; Strict RAM Replacement                                                     ; Off                ; Off                ;
; Allow Synchronous Control Signals                                          ; On                 ; On                 ;
; Force Use of Synchronous Clear Signals                                     ; Off                ; Off                ;
; Auto RAM Block Balancing                                                   ; On                 ; On                 ;
; Auto RAM to Logic Cell Conversion                                          ; Off                ; Off                ;
; Auto Resource Sharing                                                      ; Off                ; Off                ;
; Allow Any RAM Size For Recognition                                         ; Off                ; Off                ;
; Allow Any ROM Size For Recognition                                         ; Off                ; Off                ;
; Allow Any Shift Register Size For Recognition                              ; Off                ; Off                ;
; Use LogicLock Constraints during Resource Balancing                        ; On                 ; On                 ;
; Ignore translate_off and synthesis_off directives                          ; Off                ; Off                ;
; Report Parameter Settings                                                  ; On                 ; On                 ;
; Report Source Assignments                                                  ; On                 ; On                 ;
; Report Connectivity Checks                                                 ; On                 ; On                 ;
; Ignore Maximum Fan-Out Assignments                                         ; Off                ; Off                ;
; Synchronization Register Chain Length                                      ; 2                  ; 2                  ;
; PowerPlay Power Optimization                                               ; Normal compilation ; Normal compilation ;
; HDL message level                                                          ; Level2             ; Level2             ;
; Suppress Register Optimization Related Messages                            ; Off                ; Off                ;
; Number of Removed Registers Reported in Synthesis Report                   ; 5000               ; 5000               ;
; Number of Swept Nodes Reported in Synthesis Report                         ; 5000               ; 5000               ;
; Number of Inverted Registers Reported in Synthesis Report                  ; 100                ; 100                ;
; Clock MUX Protection                                                       ; On                 ; On                 ;
; Block Design Naming                                                        ; Auto               ; Auto               ;
; Synthesis Effort                                                           ; Auto               ; Auto               ;
; Shift Register Replacement - Allow Asynchronous Clear Signal               ; On                 ; On                 ;
; Pre-Mapping Resynthesis Optimization                                       ; Off                ; Off                ;
; Analysis & Synthesis Message Level                                         ; Medium             ; Medium             ;
; Disable Register Merging Across Hierarchies                                ; Auto               ; Auto               ;
; Resource Aware Inference For Block RAM                                     ; On                 ; On                 ;
; Synthesis Seed                                                             ; 1                  ; 1                  ;
+----------------------------------------------------------------------------+--------------------+--------------------+


+------------------------------------------+
; Parallel Compilation                     ;
+----------------------------+-------------+
; Processors                 ; Number      ;
+----------------------------+-------------+
; Number detected on machine ; 8           ;
; Maximum allowed            ; 4           ;
;                            ;             ;
; Average used               ; 1.00        ;
; Maximum used               ; 1           ;
;                            ;             ;
; Usage by Processor         ; % Time Used ;
;     Processor 1            ; 100.0%      ;
;     Processors 2-8         ;   0.0%      ;
+----------------------------+-------------+


+-----------------------------------------------------------------------------------------------------------------------------------------------------------+
; Analysis & Synthesis Source Files Read                                                                                                                    ;
+----------------------------------+-----------------+-----------------+--------------------------------------------------------------------------+---------+
; File Name with User-Entered Path ; Used in Netlist ; File Type       ; File Name with Absolute Path                                             ; Library ;
+----------------------------------+-----------------+-----------------+--------------------------------------------------------------------------+---------+
; ../../PS2_Kbd/SevenSeg.vhd       ; yes             ; User VHDL File  ; /nfs/home/sasl/eleves/ei-se/3700758/PS2_Kbd/SevenSeg.vhd                 ;         ;
; ../../PS2_Kbd/PS2_Ctrl.vhd       ; yes             ; User VHDL File  ; /nfs/home/sasl/eleves/ei-se/3700758/PS2_Kbd/PS2_Ctrl.vhd                 ;         ;
; ../src/machine_a_etats.vhd       ; yes             ; User VHDL File  ; /nfs/home/sasl/eleves/ei-se/3700758/ip-dtmf/src/machine_a_etats.vhd      ;         ;
; ../src/tick_sin.vhdl             ; yes             ; User VHDL File  ; /nfs/home/sasl/eleves/ei-se/3700758/ip-dtmf/src/tick_sin.vhdl            ;         ;
; ../src/counter_pointer.vhdl      ; yes             ; User VHDL File  ; /nfs/home/sasl/eleves/ei-se/3700758/ip-dtmf/src/counter_pointer.vhdl     ;         ;
; ../src/decodeur_frequences.vhdl  ; yes             ; User VHDL File  ; /nfs/home/sasl/eleves/ei-se/3700758/ip-dtmf/src/decodeur_frequences.vhdl ;         ;
; ../src/full_a_4.vhd              ; yes             ; User VHDL File  ; /nfs/home/sasl/eleves/ei-se/3700758/ip-dtmf/src/full_a_4.vhd             ;         ;
; ../src/Full_add.vhd              ; yes             ; User VHDL File  ; /nfs/home/sasl/eleves/ei-se/3700758/ip-dtmf/src/Full_add.vhd             ;         ;
; ../src/pwm.vhdl                  ; yes             ; User VHDL File  ; /nfs/home/sasl/eleves/ei-se/3700758/ip-dtmf/src/pwm.vhdl                 ;         ;
; ../src/tick_mae.vhdl             ; yes             ; User VHDL File  ; /nfs/home/sasl/eleves/ei-se/3700758/ip-dtmf/src/tick_mae.vhdl            ;         ;
; ../src/DTMF.vhdl                 ; yes             ; User VHDL File  ; /nfs/home/sasl/eleves/ei-se/3700758/ip-dtmf/src/DTMF.vhdl                ;         ;
+----------------------------------+-----------------+-----------------+--------------------------------------------------------------------------+---------+


+-----------------------------------------------------+
; Analysis & Synthesis Resource Usage Summary         ;
+---------------------------------------------+-------+
; Resource                                    ; Usage ;
+---------------------------------------------+-------+
; Total logic elements                        ; 370   ;
;     -- Combinational with no register       ; 164   ;
;     -- Register only                        ; 67    ;
;     -- Combinational with a register        ; 139   ;
;                                             ;       ;
; Logic element usage by number of LUT inputs ;       ;
;     -- 4 input functions                    ; 133   ;
;     -- 3 input functions                    ; 17    ;
;     -- 2 input functions                    ; 138   ;
;     -- 1 input functions                    ; 14    ;
;     -- 0 input functions                    ; 1     ;
;                                             ;       ;
; Logic elements by mode                      ;       ;
;     -- normal mode                          ; 248   ;
;     -- arithmetic mode                      ; 122   ;
;     -- qfbk mode                            ; 0     ;
;     -- register cascade mode                ; 0     ;
;     -- synchronous clear/load mode          ; 66    ;
;     -- asynchronous clear/load mode         ; 163   ;
;                                             ;       ;
; Total registers                             ; 206   ;
; Total logic cells in carry chains           ; 130   ;
; I/O pins                                    ; 13    ;
; Maximum fan-out node                        ; Clk   ;
; Maximum fan-out                             ; 163   ;
; Total fan-out                               ; 1423  ;
; Average fan-out                             ; 3.72  ;
+---------------------------------------------+-------+


+----------------------------------------------------------------------------------------------------------------------------------------------------------------------------------------------------------------------------------------------------+
; Analysis & Synthesis Resource Utilization by Entity                                                                                                                                                                                                ;
+--------------------------------+-------------+--------------+-------------+------+--------------+--------------+-------------------+------------------+-----------------+------------+----------------------------------------------+--------------+
; Compilation Hierarchy Node     ; Logic Cells ; LC Registers ; Memory Bits ; Pins ; Virtual Pins ; LUT-Only LCs ; Register-Only LCs ; LUT/Register LCs ; Carry Chain LCs ; Packed LCs ; Full Hierarchy Name                          ; Library Name ;
+--------------------------------+-------------+--------------+-------------+------+--------------+--------------+-------------------+------------------+-----------------+------------+----------------------------------------------+--------------+
; |DTMF                          ; 370 (0)     ; 206          ; 0           ; 13   ; 0            ; 164 (0)      ; 67 (0)            ; 139 (0)          ; 130 (0)         ; 0 (0)      ; |DTMF                                        ; work         ;
;    |MAET:C2|                   ; 117 (117)   ; 49           ; 0           ; 0    ; 0            ; 68 (68)      ; 6 (6)             ; 43 (43)          ; 32 (32)         ; 0 (0)      ; |DTMF|MAET:C2                                ; work         ;
;    |PS2_Ctrl:C0|               ; 42 (42)     ; 33           ; 0           ; 0    ; 0            ; 9 (9)        ; 26 (26)           ; 7 (7)            ; 4 (4)           ; 0 (0)      ; |DTMF|PS2_Ctrl:C0                            ; work         ;
;    |counter_pointer:C6|        ; 9 (9)       ; 7            ; 0           ; 0    ; 0            ; 2 (2)        ; 0 (0)             ; 7 (7)            ; 7 (7)           ; 0 (0)      ; |DTMF|counter_pointer:C6                     ; work         ;
;    |counter_pointer:C7|        ; 9 (9)       ; 7            ; 0           ; 0    ; 0            ; 2 (2)        ; 0 (0)             ; 7 (7)            ; 7 (7)           ; 0 (0)      ; |DTMF|counter_pointer:C7                     ; work         ;
;    |decodeur_frequences:C3|    ; 18 (18)     ; 14           ; 0           ; 0    ; 0            ; 4 (4)        ; 4 (4)             ; 10 (10)          ; 0 (0)           ; 0 (0)      ; |DTMF|decodeur_frequences:C3                 ; work         ;
;    |full_adder_7:C8|           ; 23 (12)     ; 12           ; 0           ; 0    ; 0            ; 11 (0)       ; 12 (12)           ; 0 (0)            ; 0 (0)           ; 0 (0)      ; |DTMF|full_adder_7:C8                        ; work         ;
;       |FULLADDER:\leloop:0:L0| ; 1 (1)       ; 0            ; 0           ; 0    ; 0            ; 1 (1)        ; 0 (0)             ; 0 (0)            ; 0 (0)           ; 0 (0)      ; |DTMF|full_adder_7:C8|FULLADDER:\leloop:0:L0 ; work         ;
;       |FULLADDER:\leloop:1:L0| ; 2 (2)       ; 0            ; 0           ; 0    ; 0            ; 2 (2)        ; 0 (0)             ; 0 (0)            ; 0 (0)           ; 0 (0)      ; |DTMF|full_adder_7:C8|FULLADDER:\leloop:1:L0 ; work         ;
;       |FULLADDER:\leloop:2:L0| ; 2 (2)       ; 0            ; 0           ; 0    ; 0            ; 2 (2)        ; 0 (0)             ; 0 (0)            ; 0 (0)           ; 0 (0)      ; |DTMF|full_adder_7:C8|FULLADDER:\leloop:2:L0 ; work         ;
;       |FULLADDER:\leloop:3:L0| ; 2 (2)       ; 0            ; 0           ; 0    ; 0            ; 2 (2)        ; 0 (0)             ; 0 (0)            ; 0 (0)           ; 0 (0)      ; |DTMF|full_adder_7:C8|FULLADDER:\leloop:3:L0 ; work         ;
;       |FULLADDER:\leloop:4:L0| ; 2 (2)       ; 0            ; 0           ; 0    ; 0            ; 2 (2)        ; 0 (0)             ; 0 (0)            ; 0 (0)           ; 0 (0)      ; |DTMF|full_adder_7:C8|FULLADDER:\leloop:4:L0 ; work         ;
;       |FULLADDER:\leloop:5:L0| ; 2 (2)       ; 0            ; 0           ; 0    ; 0            ; 2 (2)        ; 0 (0)             ; 0 (0)            ; 0 (0)           ; 0 (0)      ; |DTMF|full_adder_7:C8|FULLADDER:\leloop:5:L0 ; work         ;
;    |pwm:C9|                    ; 24 (24)     ; 9            ; 0           ; 0    ; 0            ; 15 (15)      ; 4 (4)             ; 5 (5)            ; 8 (8)           ; 0 (0)      ; |DTMF|pwm:C9                                 ; work         ;
;    |tick_mae:C1|               ; 56 (56)     ; 25           ; 0           ; 0    ; 0            ; 31 (31)      ; 13 (13)           ; 12 (12)          ; 24 (24)         ; 0 (0)      ; |DTMF|tick_mae:C1                            ; work         ;
;    |tick_sin:C4|               ; 36 (36)     ; 25           ; 0           ; 0    ; 0            ; 11 (11)      ; 1 (1)             ; 24 (24)          ; 24 (24)         ; 0 (0)      ; |DTMF|tick_sin:C4                            ; work         ;
;    |tick_sin:C5|               ; 36 (36)     ; 25           ; 0           ; 0    ; 0            ; 11 (11)      ; 1 (1)             ; 24 (24)          ; 24 (24)         ; 0 (0)      ; |DTMF|tick_sin:C5                            ; work         ;
+--------------------------------+-------------+--------------+-------------+------+--------------+--------------+-------------------+------------------+-----------------+------------+----------------------------------------------+--------------+
Note: For table entries with two numbers listed, the numbers in parentheses indicate the number of resources of the given type used by the specific entity alone. The numbers listed outside of parentheses indicate the total resources of the given type used by the specific entity and all of its sub-entities in the hierarchy.


Encoding Type:  One-Hot
+----------------------------------------------------------------------------------------------------------------------------+
; State Machine - |DTMF|MAET:C2|EtatFutur                                                                                    ;
+-----------------+-----------------+-----------------+-----------------+-----------------+-----------------+----------------+
; Name            ; EtatFutur.etat4 ; EtatFutur.etat3 ; EtatFutur.etat2 ; EtatFutur.etat1 ; EtatFutur.etat0 ; EtatFutur.init ;
+-----------------+-----------------+-----------------+-----------------+-----------------+-----------------+----------------+
; EtatFutur.init  ; 0               ; 0               ; 0               ; 0               ; 0               ; 0              ;
; EtatFutur.etat0 ; 0               ; 0               ; 0               ; 0               ; 1               ; 1              ;
; EtatFutur.etat1 ; 0               ; 0               ; 0               ; 1               ; 0               ; 1              ;
; EtatFutur.etat2 ; 0               ; 0               ; 1               ; 0               ; 0               ; 1              ;
; EtatFutur.etat3 ; 0               ; 1               ; 0               ; 0               ; 0               ; 1              ;
; EtatFutur.etat4 ; 1               ; 0               ; 0               ; 0               ; 0               ; 1              ;
+-----------------+-----------------+-----------------+-----------------+-----------------+-----------------+----------------+


Encoding Type:  One-Hot
+------------------------------------------------------------------------------------------------------------------------------------------+
; State Machine - |DTMF|MAET:C2|EtatPresent                                                                                                ;
+-------------------+-------------------+-------------------+-------------------+-------------------+-------------------+------------------+
; Name              ; EtatPresent.etat4 ; EtatPresent.etat3 ; EtatPresent.etat2 ; EtatPresent.etat1 ; EtatPresent.etat0 ; EtatPresent.init ;
+-------------------+-------------------+-------------------+-------------------+-------------------+-------------------+------------------+
; EtatPresent.init  ; 0                 ; 0                 ; 0                 ; 0                 ; 0                 ; 0                ;
; EtatPresent.etat0 ; 0                 ; 0                 ; 0                 ; 0                 ; 1                 ; 1                ;
; EtatPresent.etat1 ; 0                 ; 0                 ; 0                 ; 1                 ; 0                 ; 1                ;
; EtatPresent.etat2 ; 0                 ; 0                 ; 1                 ; 0                 ; 0                 ; 1                ;
; EtatPresent.etat3 ; 0                 ; 1                 ; 0                 ; 0                 ; 0                 ; 1                ;
; EtatPresent.etat4 ; 1                 ; 0                 ; 0                 ; 0                 ; 0                 ; 1                ;
+-------------------+-------------------+-------------------+-------------------+-------------------+-------------------+------------------+


+-------------------------------------------------------------------------------------+
; Registers Removed During Synthesis                                                  ;
+----------------------------------------+--------------------------------------------+
; Register name                          ; Reason for Removal                         ;
+----------------------------------------+--------------------------------------------+
; decodeur_frequences:C3|out1[1,4]       ; Stuck at GND due to stuck port data_in     ;
; decodeur_frequences:C3|out2[10]        ; Stuck at GND due to stuck port data_in     ;
; decodeur_frequences:C3|out2[9]         ; Merged with decodeur_frequences:C3|out1[6] ;
; decodeur_frequences:C3|out1[5]         ; Merged with decodeur_frequences:C3|out1[9] ;
; decodeur_frequences:C3|out2[3,4]       ; Merged with decodeur_frequences:C3|out2[5] ;
; decodeur_frequences:C3|out2[0]         ; Merged with decodeur_frequences:C3|out2[2] ;
; MAET:C2|TouchInit[4]                   ; Stuck at VCC due to stuck port data_in     ;
; MAET:C2|TouchInit[3]                   ; Stuck at GND due to stuck port data_in     ;
; MAET:C2|TouchInit[2]                   ; Stuck at VCC due to stuck port data_in     ;
; MAET:C2|TouchInit[1]                   ; Stuck at GND due to stuck port data_in     ;
; MAET:C2|TouchInit[0]                   ; Stuck at VCC due to stuck port data_in     ;
; MAET:C2|TouchInit[5..7]                ; Stuck at GND due to stuck port data_in     ;
; Total Number of Removed Registers = 16 ;                                            ;
+----------------------------------------+--------------------------------------------+


+------------------------------------------------------+
; General Register Statistics                          ;
+----------------------------------------------+-------+
; Statistic                                    ; Value ;
+----------------------------------------------+-------+
; Total registers                              ; 206   ;
; Number of registers using Synchronous Clear  ; 66    ;
; Number of registers using Synchronous Load   ; 0     ;
; Number of registers using Asynchronous Clear ; 159   ;
; Number of registers using Asynchronous Load  ; 4     ;
; Number of registers using Clock Enable       ; 39    ;
; Number of registers using Preset             ; 0     ;
+----------------------------------------------+-------+


+--------------------------------------------------+
; Inverted Register Statistics                     ;
+----------------------------------------+---------+
; Inverted Register                      ; Fan out ;
+----------------------------------------+---------+
; pwm:C9|cnt[4]                          ; 3       ;
; pwm:C9|cnt[3]                          ; 3       ;
; pwm:C9|cnt[2]                          ; 3       ;
; pwm:C9|cnt[7]                          ; 3       ;
; MAET:C2|i[31]                          ; 3       ;
; MAET:C2|i[0]                           ; 7       ;
; Total number of inverted registers = 6 ;         ;
+----------------------------------------+---------+


+--------------------------------------------------------------------------------------------------------------------------------------------+
; Multiplexer Restructuring Statistics (Restructuring Performed)                                                                             ;
+--------------------+-----------+---------------+----------------------+------------------------+------------+------------------------------+
; Multiplexer Inputs ; Bus Width ; Baseline Area ; Area if Restructured ; Saving if Restructured ; Registered ; Example Multiplexer Output   ;
+--------------------+-----------+---------------+----------------------+------------------------+------------+------------------------------+
; 3:1                ; 4 bits    ; 8 LEs         ; 4 LEs                ; 4 LEs                  ; Yes        ; |DTMF|PS2_Ctrl:C0|Bit_Cnt[0] ;
; 49:1               ; 2 bits    ; 64 LEs        ; 46 LEs               ; 18 LEs                 ; Yes        ; |DTMF|MAET:C2|KEY[1]         ;
; 3:1                ; 30 bits   ; 60 LEs        ; 30 LEs               ; 30 LEs                 ; No         ; |DTMF|MAET:C2|i              ;
; 4:1                ; 2 bits    ; 4 LEs         ; 4 LEs                ; 0 LEs                  ; No         ; |DTMF|MAET:C2|Selector39     ;
+--------------------+-----------+---------------+----------------------+------------------------+------------+------------------------------+


+----------------------------------------------------------+
; Parameter Settings for User Entity Instance: PS2_Ctrl:C0 ;
+----------------+-------+---------------------------------+
; Parameter Name ; Value ; Type                            ;
+----------------+-------+---------------------------------+
; FilterSize     ; 8     ; Signed Integer                  ;
+----------------+-------+---------------------------------+
Note: In order to hide this table in the UI and the text report file, please set the "Show Parameter Settings in Synthesis Report" option in "Analysis and Synthesis Settings -> More Settings" to "Off".


+------------------------------------------------------------------------------------------------------------------+
; Port Connectivity Checks: "SevenSeg:C10"                                                                         ;
+--------+--------+----------+-------------------------------------------------------------------------------------+
; Port   ; Type   ; Severity ; Details                                                                             ;
+--------+--------+----------+-------------------------------------------------------------------------------------+
; pol    ; Input  ; Info     ; Stuck at GND                                                                        ;
; segout ; Output ; Info     ; Connected to dangling logic. Logic that only feeds a dangling port will be removed. ;
+--------+--------+----------+-------------------------------------------------------------------------------------+


+--------------------------------------------------------------------+
; Port Connectivity Checks: "full_adder_7:C8|FULLADDER:\leloop:0:L0" ;
+------+-------+----------+------------------------------------------+
; Port ; Type  ; Severity ; Details                                  ;
+------+-------+----------+------------------------------------------+
; c1   ; Input ; Info     ; Stuck at GND                             ;
+------+-------+----------+------------------------------------------+


+---------------------------------------------+
; Port Connectivity Checks: "full_adder_7:C8" ;
+------+-------+----------+-------------------+
; Port ; Type  ; Severity ; Details           ;
+------+-------+----------+-------------------+
; cin  ; Input ; Info     ; Stuck at GND      ;
+------+-------+----------+-------------------+


+-----------------------------------------------+
; Port Connectivity Checks: "tick_mae:C1"       ;
+-------------+-------+----------+--------------+
; Port        ; Type  ; Severity ; Details      ;
+-------------+-------+----------+--------------+
; div[21..20] ; Input ; Info     ; Stuck at VCC ;
; div[18..16] ; Input ; Info     ; Stuck at VCC ;
; div[12..11] ; Input ; Info     ; Stuck at VCC ;
; div[9..8]   ; Input ; Info     ; Stuck at VCC ;
; div[15..13] ; Input ; Info     ; Stuck at GND ;
; div[7..0]   ; Input ; Info     ; Stuck at GND ;
; div[23]     ; Input ; Info     ; Stuck at VCC ;
; div[22]     ; Input ; Info     ; Stuck at GND ;
; div[19]     ; Input ; Info     ; Stuck at GND ;
; div[10]     ; Input ; Info     ; Stuck at GND ;
+-------------+-------+----------+--------------+


+--------------------------------------------------------------------------------------------------------------------+
; Port Connectivity Checks: "PS2_Ctrl:C0"                                                                            ;
+----------+--------+----------+-------------------------------------------------------------------------------------+
; Port     ; Type   ; Severity ; Details                                                                             ;
+----------+--------+----------+-------------------------------------------------------------------------------------+
; doread   ; Input  ; Info     ; Stuck at GND                                                                        ;
; scan_err ; Output ; Info     ; Connected to dangling logic. Logic that only feeds a dangling port will be removed. ;
; scan_dav ; Output ; Info     ; Connected to dangling logic. Logic that only feeds a dangling port will be removed. ;
+----------+--------+----------+-------------------------------------------------------------------------------------+


+-------------------------------+
; Elapsed Time Per Partition    ;
+----------------+--------------+
; Partition Name ; Elapsed Time ;
+----------------+--------------+
; Top            ; 00:00:00     ;
+----------------+--------------+


+-------------------------------+
; Analysis & Synthesis Messages ;
+-------------------------------+
Info: *******************************************************************
Info: Running Quartus II 64-Bit Analysis & Synthesis
    Info: Version 13.0.1 Build 232 06/12/2013 Service Pack 1 SJ Full Version
    Info: Processing started: Thu Mar 15 12:36:59 2018
Info: Command: quartus_map --read_settings_files=on --write_settings_files=off Carte_dtmf -c Carte_dtmf
Info (11104): Parallel Compilation has detected 8 hyper-threaded processors. However, the extra hyper-threaded processors will not be used by default. Parallel Compilation will use 4 of the 4 physical processors detected instead.
Info (12021): Found 2 design units, including 1 entities, in source file /nfs/home/sasl/eleves/ei-se/3700758/PS2_Kbd/SevenSeg.vhd
    Info (12022): Found design unit 1: SevenSeg-Comb
    Info (12023): Found entity 1: SevenSeg
Info (12021): Found 2 design units, including 1 entities, in source file /nfs/home/sasl/eleves/ei-se/3700758/PS2_Kbd/PS2simpl.vhd
    Info (12022): Found design unit 1: PS2SIMPL-SCHEMATIC
    Info (12023): Found entity 1: PS2SIMPL
Info (12021): Found 3 design units, including 1 entities, in source file /nfs/home/sasl/eleves/ei-se/3700758/PS2_Kbd/PS2_Ctrl.vhd
    Info (12022): Found design unit 1: PS2_Ctrl-Plain_Wrong
    Info (12022): Found design unit 2: PS2_Ctrl-ALSE_RTL
    Info (12023): Found entity 1: PS2_Ctrl
Info (12021): Found 2 design units, including 1 entities, in source file /nfs/home/sasl/eleves/ei-se/3700758/ip-dtmf/GROUPE2_KOKKONIS_FAYE_SABRI_HARGE/PmodKYPD.vhd
    Info (12022): Found design unit 1: PmodKYPD-Behavioral
    Info (12023): Found entity 1: PmodKYPD
Info (12021): Found 2 design units, including 1 entities, in source file /nfs/home/sasl/eleves/ei-se/3700758/ip-dtmf/GROUPE2_KOKKONIS_FAYE_SABRI_HARGE/Decoder.vhd
    Info (12022): Found design unit 1: Decoder-Behavioral
    Info (12023): Found entity 1: Decoder
Info (12021): Found 2 design units, including 1 entities, in source file /nfs/home/sasl/eleves/ei-se/3700758/ip-dtmf/src/machine_a_etats.vhd
    Info (12022): Found design unit 1: MAET-MAET_A
    Info (12023): Found entity 1: MAET
Info (12021): Found 2 design units, including 1 entities, in source file /nfs/home/sasl/eleves/ei-se/3700758/ip-dtmf/src/tick_sin.vhdl
    Info (12022): Found design unit 1: tick_sin-behav
    Info (12023): Found entity 1: tick_sin
Info (12021): Found 2 design units, including 1 entities, in source file /nfs/home/sasl/eleves/ei-se/3700758/ip-dtmf/src/counter_pointer.vhdl
    Info (12022): Found design unit 1: counter_pointer-behav
    Info (12023): Found entity 1: counter_pointer
Info (12021): Found 2 design units, including 1 entities, in source file /nfs/home/sasl/eleves/ei-se/3700758/ip-dtmf/src/decodeur_frequences.vhdl
    Info (12022): Found design unit 1: decodeur_frequences-behav
    Info (12023): Found entity 1: decodeur_frequences
Info (12021): Found 2 design units, including 1 entities, in source file /nfs/home/sasl/eleves/ei-se/3700758/ip-dtmf/src/sin_tab.vhdl
    Info (12022): Found design unit 1: sin_tab-behav
    Info (12023): Found entity 1: sin_tab
Info (12021): Found 2 design units, including 1 entities, in source file /nfs/home/sasl/eleves/ei-se/3700758/ip-dtmf/src/full_a_4.vhd
    Info (12022): Found design unit 1: full_adder_7-full_adder_7_a
    Info (12023): Found entity 1: full_adder_7
Info (12021): Found 2 design units, including 1 entities, in source file /nfs/home/sasl/eleves/ei-se/3700758/ip-dtmf/src/Full_add.vhd
    Info (12022): Found design unit 1: FULLADDER-dataflow
    Info (12023): Found entity 1: FULLADDER
Info (12021): Found 2 design units, including 1 entities, in source file /nfs/home/sasl/eleves/ei-se/3700758/ip-dtmf/src/pwm.vhdl
    Info (12022): Found design unit 1: pwm-arc
    Info (12023): Found entity 1: pwm
Info (12021): Found 2 design units, including 1 entities, in source file /nfs/home/sasl/eleves/ei-se/3700758/ip-dtmf/src/tick_mae.vhdl
    Info (12022): Found design unit 1: tick_mae-behav
    Info (12023): Found entity 1: tick_mae
Info (12021): Found 2 design units, including 1 entities, in source file /nfs/home/sasl/eleves/ei-se/3700758/ip-dtmf/src/DTMF.vhdl
    Info (12022): Found design unit 1: DTMF-dataflow
    Info (12023): Found entity 1: DTMF
Info (12021): Found 2 design units, including 1 entities, in source file /nfs/home/sasl/eleves/ei-se/3700758/ip-dtmf/src/mae2.vhdl
    Info (12022): Found design unit 1: MAET2-MAET_A
    Info (12023): Found entity 1: MAET2
Info (12127): Elaborating entity "DTMF" for the top level hierarchy
Warning (10036): Verilog HDL or VHDL warning at DTMF.vhdl(18): object "Scan_Err" assigned a value but never read
Warning (10036): Verilog HDL or VHDL warning at DTMF.vhdl(19): object "Scan_DAV" assigned a value but never read
Warning (10036): Verilog HDL or VHDL warning at DTMF.vhdl(28): object "disp" assigned a value but never read
Info (12128): Elaborating entity "PS2_Ctrl" for hierarchy "PS2_Ctrl:C0"
Info (12128): Elaborating entity "tick_mae" for hierarchy "tick_mae:C1"
Info (12128): Elaborating entity "MAET" for hierarchy "MAET:C2"
Info (12128): Elaborating entity "decodeur_frequences" for hierarchy "decodeur_frequences:C3"
Info (12128): Elaborating entity "tick_sin" for hierarchy "tick_sin:C4"
Info (12128): Elaborating entity "counter_pointer" for hierarchy "counter_pointer:C6"
Info (12128): Elaborating entity "full_adder_7" for hierarchy "full_adder_7:C8"
Warning (10873): Using initial value X (don't care) for net "Ctab[0]" at full_a_4.vhd(14)
Info (12128): Elaborating entity "FULLADDER" for hierarchy "full_adder_7:C8|FULLADDER:\leloop:0:L0"
Info (12128): Elaborating entity "pwm" for hierarchy "pwm:C9"
Info (12128): Elaborating entity "SevenSeg" for hierarchy "SevenSeg:C10"
Info (18000): Registers with preset signals will power-up high
Info (16010): Generating hard_block partition "hard_block:auto_generated_inst"
    Info (16011): Adding 0 node(s), including 0 DDIO, 0 PLL, 0 transceiver and 0 LCELL
Info (21057): Implemented 383 device resources after synthesis - the final resource count might be different
    Info (21058): Implemented 4 input pins
    Info (21059): Implemented 9 output pins
    Info (21061): Implemented 370 logic cells
Info: Quartus II 64-Bit Analysis & Synthesis was successful. 0 errors, 4 warnings
    Info: Peak virtual memory: 613 megabytes
    Info: Processing ended: Thu Mar 15 12:37:01 2018
    Info: Elapsed time: 00:00:02
    Info: Total CPU time (on all processors): 00:00:02


