Flow report for Carte_dtmf
Wed Apr  4 15:16:37 2018
Quartus II 64-Bit Version 13.0.1 Build 232 06/12/2013 Service Pack 1 SJ Full Version


---------------------
; Table of Contents ;
---------------------
  1. Legal Notice
  2. Flow Summary
  3. Flow Settings
  4. Flow Non-Default Global Settings
  5. Flow Elapsed Time
  6. Flow OS Summary
  7. Flow Log
  8. Flow Messages
  9. Flow Suppressed Messages



----------------
; Legal Notice ;
----------------
Copyright (C) 1991-2013 Altera Corporation
Your use of Altera Corporation's design tools, logic functions 
and other software and tools, and its AMPP partner logic 
functions, and any output files from any of the foregoing 
(including device programming or simulation files), and any 
associated documentation or information are expressly subject 
to the terms and conditions of the Altera Program License 
Subscription Agreement, Altera MegaCore Function License 
Agreement, or other applicable license agreement, including, 
without limitation, that your use is for the sole purpose of 
programming logic devices manufactured by Altera and sold by 
Altera or its authorized distributors.  Please refer to the 
applicable agreement for further details.



+------------------------------------------------------------------------------+
; Flow Summary                                                                 ;
+---------------------------+--------------------------------------------------+
; Flow Status               ; Successful - Wed Apr  4 15:16:37 2018            ;
; Quartus II 64-Bit Version ; 13.0.1 Build 232 06/12/2013 SP 1 SJ Full Version ;
; Revision Name             ; Carte_dtmf                                       ;
; Top-level Entity Name     ; DTMF                                             ;
; Family                    ; Cyclone                                          ;
; Device                    ; EP1C6T144C6                                      ;
; Timing Models             ; Final                                            ;
; Total logic elements      ; 259 / 5,980 ( 4 % )                              ;
; Total pins                ; 13 / 98 ( 13 % )                                 ;
; Total virtual pins        ; 0                                                ;
; Total memory bits         ; 0 / 92,160 ( 0 % )                               ;
; Total PLLs                ; 0 / 2 ( 0 % )                                    ;
+---------------------------+--------------------------------------------------+


+-----------------------------------------+
; Flow Settings                           ;
+-------------------+---------------------+
; Option            ; Setting             ;
+-------------------+---------------------+
; Start date & time ; 04/04/2018 15:16:25 ;
; Main task         ; Compilation         ;
; Revision Name     ; Carte_dtmf          ;
+-------------------+---------------------+


+----------------------------------------------------------------------------------------------------------------------------+
; Flow Non-Default Global Settings                                                                                           ;
+-------------------------------------+---------------------------------------+---------------+-------------+----------------+
; Assignment Name                     ; Value                                 ; Default Value ; Entity Name ; Section Id     ;
+-------------------------------------+---------------------------------------+---------------+-------------+----------------+
; COMPILER_SIGNATURE_ID               ; 22759551840219.152284778515989        ; --            ; --          ; --             ;
; EDA_NETLIST_WRITER_OUTPUT_DIR       ; simulation/modelsim                   ; --            ; --          ; eda_simulation ;
; EDA_OUTPUT_DATA_FORMAT              ; Vhdl                                  ; --            ; --          ; eda_simulation ;
; EDA_SIMULATION_TOOL                 ; ModelSim-Altera (VHDL)                ; <None>        ; --          ; --             ;
; PARTITION_COLOR                     ; 16764057                              ; --            ; DTMF        ; Top            ;
; PARTITION_FITTER_PRESERVATION_LEVEL ; PLACEMENT_AND_ROUTING                 ; --            ; DTMF        ; Top            ;
; PARTITION_NETLIST_TYPE              ; SOURCE                                ; --            ; DTMF        ; Top            ;
; POWER_BOARD_THERMAL_MODEL           ; None (CONSERVATIVE)                   ; --            ; --          ; --             ;
; POWER_PRESET_COOLING_SOLUTION       ; 23 MM HEAT SINK WITH 200 LFPM AIRFLOW ; --            ; --          ; --             ;
; PROJECT_OUTPUT_DIRECTORY            ; output_files                          ; --            ; --          ; --             ;
; TOP_LEVEL_ENTITY                    ; DTMF                                  ; Carte_dtmf    ; --          ; --             ;
+-------------------------------------+---------------------------------------+---------------+-------------+----------------+


+-------------------------------------------------------------------------------------------------------------------------------+
; Flow Elapsed Time                                                                                                             ;
+---------------------------+--------------+-------------------------+---------------------+------------------------------------+
; Module Name               ; Elapsed Time ; Average Processors Used ; Peak Virtual Memory ; Total CPU Time (on all processors) ;
+---------------------------+--------------+-------------------------+---------------------+------------------------------------+
; Analysis & Synthesis      ; 00:00:02     ; 1.0                     ; 581 MB              ; 00:00:02                           ;
; Fitter                    ; 00:00:03     ; 1.0                     ; 698 MB              ; 00:00:03                           ;
; Assembler                 ; 00:00:01     ; 1.0                     ; 522 MB              ; 00:00:01                           ;
; TimeQuest Timing Analyzer ; 00:00:01     ; 1.0                     ; 499 MB              ; 00:00:01                           ;
; EDA Netlist Writer        ; 00:00:00     ; 1.0                     ; 776 MB              ; 00:00:00                           ;
; Total                     ; 00:00:07     ; --                      ; --                  ; 00:00:07                           ;
+---------------------------+--------------+-------------------------+---------------------+------------------------------------+


+-----------------------------------------------------------------------------------------+
; Flow OS Summary                                                                         ;
+---------------------------+------------------+------------+------------+----------------+
; Module Name               ; Machine Hostname ; OS Name    ; OS Version ; Processor type ;
+---------------------------+------------------+------------+------------+----------------+
; Analysis & Synthesis      ; pc4166           ; Linux Mint ; 17         ; x86_64         ;
; Fitter                    ; pc4166           ; Linux Mint ; 17         ; x86_64         ;
; Assembler                 ; pc4166           ; Linux Mint ; 17         ; x86_64         ;
; TimeQuest Timing Analyzer ; pc4166           ; Linux Mint ; 17         ; x86_64         ;
; EDA Netlist Writer        ; pc4166           ; Linux Mint ; 17         ; x86_64         ;
+---------------------------+------------------+------------+------------+----------------+


------------
; Flow Log ;
------------
quartus_map --read_settings_files=on --write_settings_files=off Carte_dtmf -c Carte_dtmf
quartus_fit --read_settings_files=off --write_settings_files=off Carte_dtmf -c Carte_dtmf
quartus_asm --read_settings_files=off --write_settings_files=off Carte_dtmf -c Carte_dtmf
quartus_sta Carte_dtmf -c Carte_dtmf
quartus_eda --read_settings_files=off --write_settings_files=off Carte_dtmf -c Carte_dtmf



